/*C1*/SET SCHEMA PUBLIC
CONNECT USER SA
create table abteilung (id bigint generated by default as identity (start with 1), version bigint not null, name varchar(255) not null, code varchar(255) not null, primary key (id))
create table abteilung_abteilung (abteilung_unterabteilungen_id bigint, abteilung_id bigint)
create table abteilung_funktion (abteilung_mitarbeiterfunktionen_id bigint, funktion_id bigint)
create table abteilung_personen (abteilung_id bigint not null, person_id bigint not null, primary key (abteilung_id, person_id))
create table funktion (id bigint generated by default as identity (start with 1), version bigint not null, name varchar(255) not null, code varchar(255) not null, vorstand bit not null, primary key (id))
create table news (id bigint generated by default as identity (start with 1), version bigint not null, last_modified timestamp not null, date_created timestamp not null, primary key (id))
create table person (id bigint generated by default as identity (start with 1), version bigint not null, nachname varchar(255) not null, vorname varchar(255) not null, adresse_anzeigen bit not null, telefon1 varchar(255), telefon2 varchar(255), strasse varchar(255) not null, email varchar(255), ort varchar(255) not null, plz varchar(5) not null, primary key (id))
create table person_funktionen (funktion_id bigint not null, person_id bigint not null, primary key (person_id, funktion_id))
create table tabelle (id bigint generated by default as identity (start with 1), version bigint not null, spieldatum timestamp not null, heimmannschaft varchar(255) not null, spielklasse varchar(255) not null, gastmannschaft varchar(255) not null, anstoss varchar(255), tore varchar(255), spielbericht varchar(255), typ varchar(255) not null, spielkennung varchar(255) not null, primary key (id))
alter table abteilung_abteilung add constraint FK59C05AF35D92C910 foreign key (abteilung_id) references abteilung
alter table abteilung_abteilung add constraint FK59C05AF32512C789 foreign key (abteilung_unterabteilungen_id) references abteilung
alter table abteilung_funktion add constraint FK695CD786C4CDDFF8 foreign key (funktion_id) references funktion
alter table abteilung_funktion add constraint FK695CD7865B299AE2 foreign key (abteilung_mitarbeiterfunktionen_id) references abteilung
alter table abteilung_personen add constraint FK3106CE645C9CA758 foreign key (person_id) references person
alter table abteilung_personen add constraint FK3106CE645D92C910 foreign key (abteilung_id) references abteilung
alter table person_funktionen add constraint FK60AB87B3C4CDDFF8 foreign key (funktion_id) references funktion
alter table person_funktionen add constraint FK60AB87B35C9CA758 foreign key (person_id) references person
INSERT INTO FUNKTION VALUES(1,0,'1. Vorsitzende(r)','vorsitzender1',TRUE)
INSERT INTO FUNKTION VALUES(2,0,'2. Vorsitzende(r)','vorsitzender2',TRUE)
INSERT INTO FUNKTION VALUES(3,0,'3. Vorsitzende(r)','vorsitzender3',TRUE)
INSERT INTO FUNKTION VALUES(4,0,'Beisitzer(in)','beisitzer',TRUE)
INSERT INTO FUNKTION VALUES(5,0,'Referent(in) f\u00fcr \u00d6ffentlichkeitsarbeit','referent',TRUE)
INSERT INTO FUNKTION VALUES(6,0,'Beisitzer(in)/Webmaster','webmaster',TRUE)
INSERT INTO FUNKTION VALUES(7,0,'Abteilungsleiter(in)','abteilungsleiter',TRUE)
INSERT INTO FUNKTION VALUES(8,0,'Gesch\u00e4ftsstelle','geschaeftsstelle',TRUE)
INSERT INTO FUNKTION VALUES(9,0,'Jugendleiter(in)','jugendleiter',TRUE)
INSERT INTO FUNKTION VALUES(10,0,'Jugendsprecher(in)','jugendsprecher',TRUE)
INSERT INTO FUNKTION VALUES(11,0,'Kassierer(in)','kassierer',TRUE)
INSERT INTO FUNKTION VALUES(12,0,'Sportl. techn. Leiter(in)','leiter_tech_sport',TRUE)
INSERT INTO FUNKTION VALUES(13,0,'Wirtsch. techn. Leiter(in)','leiter_tech_wirt',TRUE)
INSERT INTO FUNKTION VALUES(14,0,'Schriftf\u00fchrer(in)','schriftfuehrer',TRUE)
INSERT INTO FUNKTION VALUES(15,0,'Seniorenbeauftragte(r)','seniorenbeauftragter',TRUE)
SET AUTOCOMMIT FALSE
DELETE FROM FUNKTION WHERE ID=1
INSERT INTO FUNKTION VALUES(1,1,'1. Vorsitzende(r)','vorsitzender1',TRUE)
SET AUTOCOMMIT TRUE
SET AUTOCOMMIT FALSE
DELETE FROM FUNKTION WHERE ID=2
INSERT INTO FUNKTION VALUES(2,1,'2. Vorsitzende(r)','vorsitzender2',TRUE)
SET AUTOCOMMIT TRUE
SET AUTOCOMMIT FALSE
DELETE FROM FUNKTION WHERE ID=3
INSERT INTO FUNKTION VALUES(3,1,'3. Vorsitzende(r)','vorsitzender3',TRUE)
SET AUTOCOMMIT TRUE
SET AUTOCOMMIT FALSE
DELETE FROM FUNKTION WHERE ID=11
INSERT INTO FUNKTION VALUES(11,1,'Kassierer(in)','kassierer',TRUE)
SET AUTOCOMMIT TRUE
SET AUTOCOMMIT FALSE
DELETE FROM FUNKTION WHERE ID=13
INSERT INTO FUNKTION VALUES(13,1,'Wirtsch. techn. Leiter(in)','leiter_tech_wirt',TRUE)
SET AUTOCOMMIT TRUE
SET AUTOCOMMIT FALSE
DELETE FROM FUNKTION WHERE ID=12
INSERT INTO FUNKTION VALUES(12,1,'Sportl. techn. Leiter(in)','leiter_tech_sport',TRUE)
SET AUTOCOMMIT TRUE
SET AUTOCOMMIT FALSE
DELETE FROM FUNKTION WHERE ID=4
INSERT INTO FUNKTION VALUES(4,1,'Beisitzer(in)','beisitzer',TRUE)
SET AUTOCOMMIT TRUE
SET AUTOCOMMIT FALSE
DELETE FROM FUNKTION WHERE ID=5
INSERT INTO FUNKTION VALUES(5,1,'Referent(in) f\u00fcr \u00d6ffentlichkeitsarbeit','referent',TRUE)
SET AUTOCOMMIT TRUE
SET AUTOCOMMIT FALSE
DELETE FROM FUNKTION WHERE ID=6
INSERT INTO FUNKTION VALUES(6,1,'Beisitzer(in)/Webmaster','webmaster',TRUE)
SET AUTOCOMMIT TRUE
SET AUTOCOMMIT FALSE
DELETE FROM FUNKTION WHERE ID=15
INSERT INTO FUNKTION VALUES(15,1,'Seniorenbeauftragte(r)','seniorenbeauftragter',TRUE)
SET AUTOCOMMIT TRUE
SET AUTOCOMMIT FALSE
DELETE FROM FUNKTION WHERE ID=14
INSERT INTO FUNKTION VALUES(14,1,'Schriftf\u00fchrer(in)','schriftfuehrer',TRUE)
SET AUTOCOMMIT TRUE
SET AUTOCOMMIT FALSE
DELETE FROM FUNKTION WHERE ID=8
INSERT INTO FUNKTION VALUES(8,1,'Gesch\u00e4ftsstelle','geschaeftsstelle',TRUE)
SET AUTOCOMMIT TRUE
SET AUTOCOMMIT FALSE
DELETE FROM FUNKTION WHERE ID=9
INSERT INTO FUNKTION VALUES(9,1,'Jugendleiter(in)','jugendleiter',TRUE)
SET AUTOCOMMIT TRUE
SET AUTOCOMMIT FALSE
DELETE FROM FUNKTION WHERE ID=10
INSERT INTO FUNKTION VALUES(10,1,'Jugendsprecher(in)','jugendsprecher',TRUE)
SET AUTOCOMMIT TRUE
SET AUTOCOMMIT FALSE
DELETE FROM FUNKTION WHERE ID=7
INSERT INTO FUNKTION VALUES(7,1,'Abteilungsleiter(in)','abteilungsleiter',TRUE)
SET AUTOCOMMIT TRUE
INSERT INTO ABTEILUNG VALUES(1,0,'Badminton','badminton')
INSERT INTO PERSON VALUES(1,0,'Sch\u00fctz','Florian',FALSE,NULL,'0151/11957235','Im Rosenberger 1','abteilungsleiter.badminton@googlemail.com','Leingarten','74211')
INSERT INTO ABTEILUNG_PERSONEN VALUES(1,1)
INSERT INTO ABTEILUNG_FUNKTION VALUES(1,7)
INSERT INTO PERSON_FUNKTIONEN VALUES(7,1)
INSERT INTO PERSON VALUES(2,0,'Michels','Anton',FALSE,NULL,NULL,'Klosterstra\u00dfe 35','anton.michels@audi.de','Nordheim','74226')
SET AUTOCOMMIT FALSE
DELETE FROM ABTEILUNG WHERE ID=1
INSERT INTO ABTEILUNG VALUES(1,1,'Badminton','badminton')
SET AUTOCOMMIT TRUE
DELETE FROM ABTEILUNG_PERSONEN WHERE ABTEILUNG_ID=1 AND PERSON_ID=1
INSERT INTO ABTEILUNG_PERSONEN VALUES(1,2)
INSERT INTO PERSON_FUNKTIONEN VALUES(7,2)
SET AUTOCOMMIT FALSE
DELETE FROM ABTEILUNG WHERE ID=1
INSERT INTO ABTEILUNG VALUES(1,2,'Badminton','badminton')
SET AUTOCOMMIT TRUE
DELETE FROM ABTEILUNG_PERSONEN WHERE ABTEILUNG_ID=1 AND PERSON_ID=2
INSERT INTO ABTEILUNG_PERSONEN VALUES(1,2)
INSERT INTO ABTEILUNG VALUES(2,0,'Basketball','basketball')
INSERT INTO PERSON VALUES(3,0,'Schneider','Christian',FALSE,'07131/2059184',NULL,'Parkstra\u00dfe 43','christl2004@yahoo.de','Leingarten','74211')
INSERT INTO ABTEILUNG_PERSONEN VALUES(2,3)
INSERT INTO ABTEILUNG_FUNKTION VALUES(2,7)
INSERT INTO PERSON_FUNKTIONEN VALUES(7,3)
INSERT INTO PERSON VALUES(4,0,'Siedentopf','J\u00f6rg',FALSE,NULL,NULL,'August-L\u00e4mmle-Stra\u00dfe 17','patricia.topf@gmx.de','Unterheinriet','74199')
SET AUTOCOMMIT FALSE
DELETE FROM ABTEILUNG WHERE ID=2
INSERT INTO ABTEILUNG VALUES(2,1,'Basketball','basketball')
SET AUTOCOMMIT TRUE
DELETE FROM ABTEILUNG_PERSONEN WHERE ABTEILUNG_ID=2 AND PERSON_ID=3
INSERT INTO ABTEILUNG_PERSONEN VALUES(2,4)
INSERT INTO PERSON_FUNKTIONEN VALUES(7,4)
SET AUTOCOMMIT FALSE
DELETE FROM ABTEILUNG WHERE ID=2
INSERT INTO ABTEILUNG VALUES(2,2,'Basketball','basketball')
SET AUTOCOMMIT TRUE
DELETE FROM ABTEILUNG_PERSONEN WHERE ABTEILUNG_ID=2 AND PERSON_ID=4
INSERT INTO ABTEILUNG_PERSONEN VALUES(2,4)
INSERT INTO ABTEILUNG VALUES(3,0,'Fu\u00dfball','fussball')
INSERT INTO PERSON VALUES(5,0,'Geier','Manfred',FALSE,'07131/901148',NULL,'Heuchelbergstra\u00dfe 1','geier@boie.de','Leingarten','74211')
INSERT INTO ABTEILUNG_PERSONEN VALUES(3,5)
INSERT INTO ABTEILUNG_FUNKTION VALUES(3,7)
INSERT INTO PERSON_FUNKTIONEN VALUES(7,5)
INSERT INTO ABTEILUNG VALUES(4,0,'Fu\u00dfball (AH)','fussball_ah')
INSERT INTO PERSON VALUES(6,0,'L\u00e4mmlen','G\u00fcnter',FALSE,'07138/5039',NULL,'Leidensbergweg 50',NULL,'Schwaigern','74193')
INSERT INTO ABTEILUNG_PERSONEN VALUES(4,6)
INSERT INTO ABTEILUNG_FUNKTION VALUES(4,7)
INSERT INTO PERSON_FUNKTIONEN VALUES(7,6)
INSERT INTO ABTEILUNG VALUES(5,0,'Fu\u00dfball (Jugend)','fussball_jugend')
INSERT INTO PERSON VALUES(7,0,'Hagen','Gernot',FALSE,'07131/401119','0171/5592242','Schwaigerner Stra\u00dfe 14','gernot-hagen@versanet.de','Leingarten','74211')
INSERT INTO ABTEILUNG_PERSONEN VALUES(5,7)
INSERT INTO ABTEILUNG_FUNKTION VALUES(5,7)
INSERT INTO PERSON_FUNKTIONEN VALUES(7,7)
INSERT INTO ABTEILUNG VALUES(6,0,'Handball','handball')
INSERT INTO PERSON VALUES(8,0,'Schwellinger','Stefan',FALSE,'07131/401615','0173/6506409','Platanenweg 90/1','stefan.schwellinger@alba.info','Leingarten','74211')
INSERT INTO ABTEILUNG_PERSONEN VALUES(6,8)
INSERT INTO ABTEILUNG_FUNKTION VALUES(6,7)
INSERT INTO PERSON_FUNKTIONEN VALUES(7,8)
INSERT INTO PERSON VALUES(9,0,'Bayer','Kurtj\u00f6rn',FALSE,'07131/5944639','0172/5814484','Paul-Lincke-Stra\u00dfe 5/1','kuba74@gmx.de','Leingarten','74211')
SET AUTOCOMMIT FALSE
DELETE FROM ABTEILUNG WHERE ID=6
INSERT INTO ABTEILUNG VALUES(6,1,'Handball','handball')
SET AUTOCOMMIT TRUE
DELETE FROM ABTEILUNG_PERSONEN WHERE ABTEILUNG_ID=6 AND PERSON_ID=8
INSERT INTO ABTEILUNG_PERSONEN VALUES(6,9)
INSERT INTO PERSON_FUNKTIONEN VALUES(7,9)
SET AUTOCOMMIT FALSE
DELETE FROM ABTEILUNG WHERE ID=6
INSERT INTO ABTEILUNG VALUES(6,2,'Handball','handball')
SET AUTOCOMMIT TRUE
DELETE FROM ABTEILUNG_PERSONEN WHERE ABTEILUNG_ID=6 AND PERSON_ID=9
INSERT INTO ABTEILUNG_PERSONEN VALUES(6,9)
INSERT INTO ABTEILUNG VALUES(7,0,'Karate','karate')
INSERT INTO PERSON VALUES(10,0,'Henklein','Arne',FALSE,'07946/944565',NULL,'Burgunderweg 5','arne.henklein@fgabank.de','Langenbrettach','74243')
INSERT INTO ABTEILUNG_PERSONEN VALUES(7,10)
INSERT INTO ABTEILUNG_FUNKTION VALUES(7,7)
INSERT INTO PERSON_FUNKTIONEN VALUES(7,10)
INSERT INTO ABTEILUNG VALUES(8,0,'Leichtathletik','leichtathletik')
INSERT INTO PERSON VALUES(11,0,'Ballier','Manfred',FALSE,'07131/5941330','0173 / 2303624','Karlsruher Stra\u00dfe 25','manfred@familie-ballier.de','Leingarten','74211')
INSERT INTO ABTEILUNG_PERSONEN VALUES(8,11)
INSERT INTO ABTEILUNG_FUNKTION VALUES(8,7)
INSERT INTO PERSON_FUNKTIONEN VALUES(7,11)
INSERT INTO ABTEILUNG VALUES(9,0,'Rad','rad')
INSERT INTO PERSON VALUES(12,0,'Schulin','Markus',FALSE,'07131/401801',NULL,'Heuchelbergstra\u00dfe 42','MarkusSchulin@gmx.de','Leingarten','74211')
INSERT INTO ABTEILUNG_PERSONEN VALUES(9,12)
INSERT INTO ABTEILUNG_FUNKTION VALUES(9,7)
INSERT INTO PERSON_FUNKTIONEN VALUES(7,12)
INSERT INTO ABTEILUNG VALUES(10,0,'Reiten','reiten')
INSERT INTO PERSON VALUES(13,0,'Eitel','Manfred',FALSE,'07131/403243',NULL,'Frankenbacher Stra\u00dfe 3',NULL,'Leingarten','74211')
INSERT INTO ABTEILUNG_PERSONEN VALUES(10,13)
INSERT INTO ABTEILUNG_FUNKTION VALUES(10,7)
INSERT INTO PERSON_FUNKTIONEN VALUES(7,13)
INSERT INTO PERSON VALUES(14,0,'Rau','Bernd',FALSE,'07131/401777',NULL,'Hohensteinstra\u00dfe 86','bernd-rau-leingarten@t-online.de','Leingarten','74211')
SET AUTOCOMMIT FALSE
DELETE FROM ABTEILUNG WHERE ID=10
INSERT INTO ABTEILUNG VALUES(10,1,'Reiten','reiten')
SET AUTOCOMMIT TRUE
DELETE FROM ABTEILUNG_PERSONEN WHERE ABTEILUNG_ID=10 AND PERSON_ID=13
INSERT INTO ABTEILUNG_PERSONEN VALUES(10,14)
INSERT INTO PERSON_FUNKTIONEN VALUES(7,14)
SET AUTOCOMMIT FALSE
DELETE FROM ABTEILUNG WHERE ID=10
INSERT INTO ABTEILUNG VALUES(10,2,'Reiten','reiten')
SET AUTOCOMMIT TRUE
DELETE FROM ABTEILUNG_PERSONEN WHERE ABTEILUNG_ID=10 AND PERSON_ID=14
INSERT INTO ABTEILUNG_PERSONEN VALUES(10,14)
INSERT INTO ABTEILUNG VALUES(11,0,'Schach','schach')
INSERT INTO PERSON VALUES(15,0,'Dietz','Roland',FALSE,'07131/401753','0171/2181033','Augelbaumstra\u00dfe 52','Dietz-Leingarten@t-online.de','Leingarten','74211')
INSERT INTO ABTEILUNG_PERSONEN VALUES(11,15)
INSERT INTO ABTEILUNG_FUNKTION VALUES(11,7)
INSERT INTO PERSON_FUNKTIONEN VALUES(7,15)
INSERT INTO ABTEILUNG VALUES(12,0,'Ski','ski')
INSERT INTO PERSON VALUES(16,0,'Frey','Hartmut',FALSE,'07131/403801',NULL,'Lerchenstra\u00dfe 13','H-G.Frey@t-online.de','Leingarten','74211')
INSERT INTO ABTEILUNG_PERSONEN VALUES(12,16)
INSERT INTO ABTEILUNG_FUNKTION VALUES(12,7)
INSERT INTO PERSON_FUNKTIONEN VALUES(7,16)
INSERT INTO ABTEILUNG VALUES(13,0,'Tanzen','tanzen')
INSERT INTO PERSON VALUES(17,0,'Bertram','Rotraud',FALSE,'07131/402100',NULL,'Neug\u00e4rtle 2','rotraud-bertram@web.de','Leingarten','74211')
INSERT INTO ABTEILUNG_PERSONEN VALUES(13,17)
INSERT INTO ABTEILUNG_FUNKTION VALUES(13,7)
INSERT INTO PERSON_FUNKTIONEN VALUES(7,17)
INSERT INTO ABTEILUNG VALUES(14,0,'Tennis','tennis')
INSERT INTO PERSON VALUES(18,0,'K\u00fchner','Manfred',FALSE,'07131/401909',NULL,'Platanenweg 17','manfred.kuehner@tele2.de','Leingarten','74211')
INSERT INTO ABTEILUNG_PERSONEN VALUES(14,18)
INSERT INTO ABTEILUNG_FUNKTION VALUES(14,7)
INSERT INTO PERSON_FUNKTIONEN VALUES(7,18)
INSERT INTO PERSON VALUES(19,0,'Doll','Siegmar',FALSE,'07138/8277',NULL,'Heinrich-Sch\u00fctz-Stra\u00dfe 22','dollstb@t-online.de','Schwaigern','74193')
SET AUTOCOMMIT FALSE
DELETE FROM ABTEILUNG WHERE ID=14
INSERT INTO ABTEILUNG VALUES(14,1,'Tennis','tennis')
SET AUTOCOMMIT TRUE
DELETE FROM ABTEILUNG_PERSONEN WHERE ABTEILUNG_ID=14 AND PERSON_ID=18
INSERT INTO ABTEILUNG_PERSONEN VALUES(14,19)
INSERT INTO PERSON_FUNKTIONEN VALUES(7,19)
SET AUTOCOMMIT FALSE
DELETE FROM ABTEILUNG WHERE ID=14
INSERT INTO ABTEILUNG VALUES(14,2,'Tennis','tennis')
SET AUTOCOMMIT TRUE
DELETE FROM ABTEILUNG_PERSONEN WHERE ABTEILUNG_ID=14 AND PERSON_ID=19
INSERT INTO ABTEILUNG_PERSONEN VALUES(14,19)
INSERT INTO ABTEILUNG VALUES(15,0,'Tischtennis','tischtennis')
INSERT INTO PERSON VALUES(20,0,'Koppenh\u00f6fer','Dieter',FALSE,'07135/964550',NULL,'Sperberweg 8','andikopp@t-online.de','Nordheim','74226')
INSERT INTO ABTEILUNG_PERSONEN VALUES(15,20)
INSERT INTO ABTEILUNG_FUNKTION VALUES(15,7)
INSERT INTO PERSON_FUNKTIONEN VALUES(7,20)
INSERT INTO PERSON VALUES(21,0,'Frank','Winfried',FALSE,'07131/404163',NULL,'Eldoradostra\u00dfe 55','frank-leingarten@t-online.de','Leingarten','74211')
SET AUTOCOMMIT FALSE
DELETE FROM ABTEILUNG WHERE ID=15
INSERT INTO ABTEILUNG VALUES(15,1,'Tischtennis','tischtennis')
SET AUTOCOMMIT TRUE
DELETE FROM ABTEILUNG_PERSONEN WHERE ABTEILUNG_ID=15 AND PERSON_ID=20
INSERT INTO ABTEILUNG_PERSONEN VALUES(15,21)
INSERT INTO PERSON_FUNKTIONEN VALUES(7,21)
SET AUTOCOMMIT FALSE
DELETE FROM ABTEILUNG WHERE ID=15
INSERT INTO ABTEILUNG VALUES(15,2,'Tischtennis','tischtennis')
SET AUTOCOMMIT TRUE
DELETE FROM ABTEILUNG_PERSONEN WHERE ABTEILUNG_ID=15 AND PERSON_ID=21
INSERT INTO ABTEILUNG_PERSONEN VALUES(15,21)
INSERT INTO ABTEILUNG VALUES(16,0,'Turnen','turnen')
INSERT INTO PERSON VALUES(22,0,'Springer','Katja',FALSE,'07131/900393',NULL,'R\u00f6thestra\u00dfe 20/1','katja-springer@versanet.de','Leingarten','74211')
INSERT INTO ABTEILUNG_PERSONEN VALUES(16,22)
INSERT INTO ABTEILUNG_FUNKTION VALUES(16,7)
INSERT INTO PERSON_FUNKTIONEN VALUES(7,22)
INSERT INTO PERSON VALUES(23,0,'W\u00f6rsching','Irmgard',FALSE,'07131/402130',NULL,'Nordheimer Stra\u00dfe 31','i_b.woersching@vr-web.de','Leingarten','74211')
SET AUTOCOMMIT FALSE
DELETE FROM ABTEILUNG WHERE ID=16
INSERT INTO ABTEILUNG VALUES(16,1,'Turnen','turnen')
SET AUTOCOMMIT TRUE
DELETE FROM ABTEILUNG_PERSONEN WHERE ABTEILUNG_ID=16 AND PERSON_ID=22
INSERT INTO ABTEILUNG_PERSONEN VALUES(16,23)
INSERT INTO PERSON_FUNKTIONEN VALUES(7,23)
SET AUTOCOMMIT FALSE
DELETE FROM ABTEILUNG WHERE ID=16
INSERT INTO ABTEILUNG VALUES(16,2,'Turnen','turnen')
SET AUTOCOMMIT TRUE
DELETE FROM ABTEILUNG_PERSONEN WHERE ABTEILUNG_ID=16 AND PERSON_ID=23
INSERT INTO ABTEILUNG_PERSONEN VALUES(16,23)
INSERT INTO ABTEILUNG VALUES(17,0,'Volleyball','volleyball')
INSERT INTO PERSON VALUES(24,0,'M\u00fcller','Rolf',FALSE,'07131/744357','0172/7484824','Platanenweg 57','rolf--mueller@web.de','Leingarten','74211')
INSERT INTO ABTEILUNG_PERSONEN VALUES(17,24)
INSERT INTO ABTEILUNG_FUNKTION VALUES(17,7)
INSERT INTO PERSON_FUNKTIONEN VALUES(7,24)
INSERT INTO PERSON VALUES(25,0,'Trefz','Andrea',FALSE,NULL,NULL,'Akazienrain 16','awtrefz@kabelbw.de','Leingarten','74211')
SET AUTOCOMMIT FALSE
DELETE FROM ABTEILUNG WHERE ID=17
INSERT INTO ABTEILUNG VALUES(17,1,'Volleyball','volleyball')
SET AUTOCOMMIT TRUE
DELETE FROM ABTEILUNG_PERSONEN WHERE ABTEILUNG_ID=17 AND PERSON_ID=24
INSERT INTO ABTEILUNG_PERSONEN VALUES(17,25)
INSERT INTO PERSON_FUNKTIONEN VALUES(7,25)
SET AUTOCOMMIT FALSE
DELETE FROM ABTEILUNG WHERE ID=17
INSERT INTO ABTEILUNG VALUES(17,2,'Volleyball','volleyball')
SET AUTOCOMMIT TRUE
DELETE FROM ABTEILUNG_PERSONEN WHERE ABTEILUNG_ID=17 AND PERSON_ID=25
INSERT INTO ABTEILUNG_PERSONEN VALUES(17,25)
INSERT INTO PERSON VALUES(26,0,'Nagel','Marco',FALSE,'07131/401166','0173/3991894','Goethestra\u00dfe 19','marco.nagel@allianz.de','Leingarten','74211')
INSERT INTO PERSON_FUNKTIONEN VALUES(1,26)
INSERT INTO PERSON VALUES(27,0,'Weinmann','Horst',FALSE,'07131/403988','gesch. 930230','Schwabenstra\u00dfe 6','info@weinmann-versicherungen.de','Leingarten','74211')
INSERT INTO PERSON_FUNKTIONEN VALUES(2,27)
INSERT INTO PERSON VALUES(28,0,'Heinle','Ulrich',FALSE,'07131/403251',NULL,'Sudetenstra\u00dfe 48','sab.heinle@t-online.de','Leingarten','74211')
INSERT INTO PERSON_FUNKTIONEN VALUES(3,28)
INSERT INTO PERSON VALUES(29,0,'Nagel','G\u00fcnter',FALSE,'07131/402118',NULL,'Eldoradostra\u00dfe 57','gn1942@aol.com','Leingarten','74211')
INSERT INTO PERSON_FUNKTIONEN VALUES(11,29)
INSERT INTO PERSON VALUES(30,0,'Bayer','Karlheinz',FALSE,'07131/5944639','0152/26196645','Paul-Lincke-Stra\u00dfe 5/1','Kaba74@gmx.de','Leingarten','74211')
INSERT INTO PERSON_FUNKTIONEN VALUES(13,30)
INSERT INTO PERSON VALUES(31,0,'Mayer','Bernd',FALSE,'07131/402916','0175/2970507','Heuchelbergstra\u00dfe 12','b.mayer@hofmann-foerdertechnik.com','Leingarten','74211')
INSERT INTO PERSON_FUNKTIONEN VALUES(12,31)
INSERT INTO PERSON VALUES(32,0,'Dischinger','Sarah',FALSE,'07131/1238489','0171/8207545','Fritz-Ulrich-Stra\u00dfe 80','svlhomepage@aol.com','Heilbronn','74080')
INSERT INTO PERSON_FUNKTIONEN VALUES(6,32)
INSERT INTO PERSON VALUES(33,0,'Heinle','Cornelia',FALSE,'07131/403251',NULL,'Sudetenstra\u00dfe 48','sab.heinle@t-online.de','Leingarten','74211')
INSERT INTO PERSON_FUNKTIONEN VALUES(15,33)
INSERT INTO PERSON VALUES(34,0,'Gr\u00e4sle','Sabine',FALSE,'07131/403388',NULL,'Lanzen\u00e4cker 2','Sabine.Graesle@web.de','Leingarten','74211')
INSERT INTO PERSON_FUNKTIONEN VALUES(14,34)
SET AUTOCOMMIT FALSE
DELETE FROM PERSON WHERE ID=22
INSERT INTO PERSON VALUES(22,1,'Springer','Katja',FALSE,'07131/900393','0160/94175835','R\u00f6thestra\u00dfe 20/1','katja-springer@versanet.de','Leingarten','74211')
SET AUTOCOMMIT TRUE
INSERT INTO PERSON VALUES(35,0,'Muth','Sebastian',FALSE,'07131/900989','0176/78151820','Wasserfallstra\u00dfe 37','Sebastian@muthweb.de','Leingarten','74211')
INSERT INTO PERSON_FUNKTIONEN VALUES(9,35)
INSERT INTO PERSON VALUES(36,0,'Potsch','Jennifer',FALSE,'07131/1218413','0173/3667684','Wilhelmstra\u00dfe 21/1','jennifer_potsch@arcor.de','Leingarten','74211')
INSERT INTO PERSON_FUNKTIONEN VALUES(10,36)
